<?xml version="1.0" encoding="utf-8"?>
<test-run id="2" name="TestFramework.dll" fullname="D:/4kyrs/DimaTesting/bstu-testing-master/TestFramework/TestFramework/bin/Debug/netcoreapp3.1/TestFramework.dll" testcasecount="6" result="Passed" start-time="2020-01-13 15:18:20Z" end-time="2020-01-13 15:24:03Z" duration="342.984731" total="6" passed="6" failed="0" inconclusive="0" skipped="0" asserts="2" random-seed="1787358132">
  <command-line><![CDATA[D:\4kyrs\DimaTesting\bstu-testing-master\TestFramework\TestFramework\bin\Debug\netcoreapp3.1\TestFramework.dll /env=qa /browser=firefox]]></command-line>
  <filter>
    <or>
      <test>TestFramework.Test.Tests.ProductTests.SearchTest</test>
      <test>TestFramework.Test.Tests.ProductTests.PricesFilterTest</test>
      <test>TestFramework.Test.Tests.ProductTests.AddToCartTest</test>
      <test>TestFramework.Test.Tests.ProductTests.AddToWishlistTest</test>
      <test>TestFramework.Test.Tests.ProductTests.SalesTest</test>
      <test>TestFramework.Test.Tests.ProductTests.ClearCartTest</test>
    </or>
  </filter>
  <test-suite type="Assembly" id="1007" name="TestFramework.dll" fullname="D:/4kyrs/DimaTesting/bstu-testing-master/TestFramework/TestFramework/bin/Debug/netcoreapp3.1/TestFramework.dll" runstate="Runnable" testcasecount="6" result="Passed" start-time="2020-01-13 15:18:20Z" end-time="2020-01-13 15:24:03Z" duration="342.984731" total="6" passed="6" failed="0" warnings="0" inconclusive="0" skipped="0" asserts="2">
    <environment framework-version="3.12.0.0" clr-version="3.1.0" os-version="Microsoft Windows 10.0.15063" platform="Win32NT" cwd="D:\4kyrs\DimaTesting\bstu-testing-master\TestFramework\TestFramework" machine-name="DESKTOP-7P0FFH3" user="KaRy" user-domain="DESKTOP-7P0FFH3" culture="be-BY" uiculture="ru-RU" os-architecture="x64" />
    <settings>
      <setting name="LOAD" value="System.Collections.Generic.List`1[System.String]" />
      <setting name="WorkDirectory" value="D:\4kyrs\DimaTesting\bstu-testing-master\TestFramework\TestFramework" />
      <setting name="NumberOfTestWorkers" value="4" />
    </settings>
    <properties>
      <property name="_PID" value="34200" />
      <property name="_APPDOMAIN" value="TestFramework" />
    </properties>
    <test-suite type="TestSuite" id="1008" name="TestFramework" fullname="TestFramework" runstate="Runnable" testcasecount="6" result="Passed" start-time="2020-01-13 15:18:20Z" end-time="2020-01-13 15:24:03Z" duration="342.977879" total="6" passed="6" failed="0" warnings="0" inconclusive="0" skipped="0" asserts="2">
      <test-suite type="TestSuite" id="1009" name="Test" fullname="TestFramework.Test" runstate="Runnable" testcasecount="6" result="Passed" start-time="2020-01-13 15:18:20Z" end-time="2020-01-13 15:24:03Z" duration="342.977575" total="6" passed="6" failed="0" warnings="0" inconclusive="0" skipped="0" asserts="2">
        <test-suite type="TestSuite" id="1010" name="Tests" fullname="TestFramework.Test.Tests" runstate="Runnable" testcasecount="6" result="Passed" start-time="2020-01-13 15:18:20Z" end-time="2020-01-13 15:24:03Z" duration="342.977409" total="6" passed="6" failed="0" warnings="0" inconclusive="0" skipped="0" asserts="2">
          <test-suite type="TestFixture" id="1000" name="ProductTests" fullname="TestFramework.Test.Tests.ProductTests" classname="TestFramework.Test.Tests.ProductTests" runstate="Runnable" testcasecount="6" result="Passed" start-time="2020-01-13 15:18:20Z" end-time="2020-01-13 15:24:03Z" duration="342.973558" total="6" passed="6" failed="0" warnings="0" inconclusive="0" skipped="0" asserts="2">
            <test-case id="1003" name="AddToCartTest" fullname="TestFramework.Test.Tests.ProductTests.AddToCartTest" methodname="AddToCartTest" classname="TestFramework.Test.Tests.ProductTests" runstate="Runnable" seed="795670946" result="Passed" start-time="2020-01-13 15:18:20Z" end-time="2020-01-13 15:19:41Z" duration="80.068501" asserts="0" />
            <test-case id="1004" name="AddToWishlistTest" fullname="TestFramework.Test.Tests.ProductTests.AddToWishlistTest" methodname="AddToWishlistTest" classname="TestFramework.Test.Tests.ProductTests" runstate="Runnable" seed="1978897946" result="Passed" start-time="2020-01-13 15:19:41Z" end-time="2020-01-13 15:21:19Z" duration="98.657432" asserts="0" />
            <test-case id="1006" name="ClearCartTest" fullname="TestFramework.Test.Tests.ProductTests.ClearCartTest" methodname="ClearCartTest" classname="TestFramework.Test.Tests.ProductTests" runstate="Runnable" seed="1395663283" result="Passed" start-time="2020-01-13 15:21:19Z" end-time="2020-01-13 15:22:24Z" duration="64.370844" asserts="0" />
            <test-case id="1002" name="PricesFilterTest" fullname="TestFramework.Test.Tests.ProductTests.PricesFilterTest" methodname="PricesFilterTest" classname="TestFramework.Test.Tests.ProductTests" runstate="Runnable" seed="1131819698" result="Passed" start-time="2020-01-13 15:22:24Z" end-time="2020-01-13 15:23:01Z" duration="37.504208" asserts="0" />
            <test-case id="1005" name="SalesTest" fullname="TestFramework.Test.Tests.ProductTests.SalesTest" methodname="SalesTest" classname="TestFramework.Test.Tests.ProductTests" runstate="Runnable" seed="140791148" result="Passed" start-time="2020-01-13 15:23:01Z" end-time="2020-01-13 15:23:25Z" duration="24.177046" asserts="1" />
            <test-case id="1001" name="SearchTest" fullname="TestFramework.Test.Tests.ProductTests.SearchTest" methodname="SearchTest" classname="TestFramework.Test.Tests.ProductTests" runstate="Runnable" seed="1318535433" result="Passed" start-time="2020-01-13 15:23:25Z" end-time="2020-01-13 15:24:03Z" duration="38.173353" asserts="1" />
          </test-suite>
        </test-suite>
      </test-suite>
    </test-suite>
  </test-suite>
</test-run>